<?xml version="1.0" encoding="UTF-8"?>
<testsuite xmlns:xsi="http://www.w3.org/2001/XMLSchema-instance" xsi:noNamespaceSchemaLocation="https://maven.apache.org/surefire/maven-surefire-plugin/xsd/surefire-test-report.xsd" version="3.0.2" name="TestSuite" time="7.069" tests="1" errors="0" skipped="0" failures="0">
  <properties>
[...]
</properties>
  <testcase name="sendAllAttributes" classname="Tests.Service_TCs.Create.CreateService" time="1.252">
    <system-out><![CDATA[✅ DB Connection successful
✅ Backend is up on port 5251
Request method:	POST
Request URI:	http://localhost:5251/api/Service/Insert
Proxy:			<none>
Request params:	<none>
Query params:	<none>
Form params:	<none>
Path params:	<none>
Headers:		Accept=*/*
				Content-Type=application/json
Cookies:		<none>
Multiparts:		<none>
Body:
{
    "code": "ValidCode",
    "nameEn": "ValidNameEn123",
    "nameAr": "اسم_عربي",
    "titleEn": "ValidTitleEn123",
    "titleAr": "عنوان_عربي",
    "abbreviationEn": "ValidAbbreviationEn123",
    "abbreviationAr": "اختصار عربي",
    "effectiveDate": "2025-07-19",
    "groupId": "04ee423e-f36b-1410-841a-0047d38b2221",
    "specialtyId": "10ee423e-f36b-1410-841a-0047d38b2221",
    "typeId": "1cee423e-f36b-1410-841a-0047d38b2221",
    "statusId": 1,
    "referenceAverageCost": 100.0,
    "customPropertyValues": [
        "c3ee423e-f36b-1410-841a-0047d38b2221"
    ]
}
HTTP/1.1 400 Bad Request
Content-Type: application/json; charset=utf-8
Date: Thu, 17 Jul 2025 10:07:51 GMT
Server: Kestrel
Transfer-Encoding: chunked

{
    "data": {
        "row": null,
        "errors": [
            {
                "column": "Code",
                "message": "Code already exists, please enter a new one",
                "messageAr": "Code already exists, please enter a new one"
            },
            {
                "column": "NameEn",
                "message": "English Name already exists, please enter a new one",
                "messageAr": "English Name already exists, please enter a new one"
            },
            {
                "column": "NameAr",
                "message": "Arabic Name already exists, please enter a new one",
                "messageAr": "Arabic Name already exists, please enter a new one"
            },
            {
                "column": "TitleEn",
                "message": "English Title already exists, please enter a new one",
                "messageAr": "English Title already exists, please enter a new one"
            },
            {
                "column": "TitleAr",
                "message": "Arabic Title already exists, please enter a new one",
                "messageAr": "Arabic Title already exists, please enter a new one"
            },
            {
                "column": "AbbreviationEn",
                "message": "English Abbreviation already exists, please enter a new one",
                "messageAr": "English Abbreviation already exists, please enter a new one"
            },
            {
                "column": "AbbreviationAr",
                "message": "Arabic Abbreviation already exists, please enter a new one",
                "messageAr": "Arabic Abbreviation already exists, please enter a new one"
            }
        ],
        "isValid": false
    },
    "status": 400,
    "errors": null,
    "message": null
}
]]></system-out>
    <system-err><![CDATA[[main] WARN org.testng.TestNG - Ignoring duplicate listener : io.qameta.allure.testng.AllureTestNg
[main] WARN org.testng.TestNG - Ignoring duplicate listener : io.qameta.allure.testng.AllureTestNg
[main] WARN org.testng.TestNG - Ignoring duplicate listener : io.qameta.allure.testng.AllureTestNg
]]></system-err>
  </testcase>
</testsuite>