<?xml version="1.0" encoding="UTF-8"?>
<testng-results ignored="0" total="1" passed="1" failed="0" skipped="0">
  <reporter-output>
  </reporter-output>
  <suite started-at="2025-07-17T13:07:50 EEST" name="Medical Service Test Suite" finished-at="2025-07-17T13:07:56 EEST" duration-ms="6501">
    <groups>
    </groups>
    <test started-at="2025-07-17T13:07:50 EEST" name="Service API Tests" finished-at="2025-07-17T13:07:56 EEST" duration-ms="6501">
      <class name="Tests.Service_TCs.Create.CreateService">
        <test-method is-config="true" signature="globalSetup()[pri:0, instance:Tests.Service_TCs.Create.CreateService@4f32a3ad]" started-at="2025-07-17T13:07:50 EEST" name="globalSetup" finished-at="2025-07-17T13:07:51 EEST" duration-ms="763" status="PASS">
          <reporter-output>
          </reporter-output>
        </test-method> <!-- globalSetup -->
        <test-method is-config="true" signature="setupPerTest(java.lang.reflect.Method)[pri:0, instance:Tests.Service_TCs.Create.CreateService@4f32a3ad]" started-at="2025-07-17T13:07:51 EEST" name="setupPerTest" finished-at="2025-07-17T13:07:51 EEST" duration-ms="128" status="PASS">
          <params>
            <param index="0">
              <value>
                <![CDATA[public void Tests.Service_TCs.Create.CreateService.sendAllAttributes() throws java.lang.Exception]]>
              </value>
            </param>
          </params>
          <reporter-output>
          </reporter-output>
        </test-method> <!-- setupPerTest -->
        <test-method signature="sendAllAttributes()[pri:1, instance:Tests.Service_TCs.Create.CreateService@4f32a3ad]" started-at="2025-07-17T13:07:51 EEST" name="sendAllAttributes" description="Create service with valid payload" finished-at="2025-07-17T13:07:52 EEST" duration-ms="1274" status="PASS">
          <reporter-output>
          </reporter-output>
        </test-method> <!-- sendAllAttributes -->
        <test-method is-config="true" signature="tearDownAll()[pri:0, instance:Tests.Service_TCs.Create.CreateService@4f32a3ad]" started-at="2025-07-17T13:07:52 EEST" name="tearDownAll" finished-at="2025-07-17T13:07:56 EEST" duration-ms="4235" status="PASS">
          <reporter-output>
          </reporter-output>
        </test-method> <!-- tearDownAll -->
      </class> <!-- Tests.Service_TCs.Create.CreateService -->
    </test> <!-- Service API Tests -->
  </suite> <!-- Medical Service Test Suite -->
</testng-results>
